<?xml version="1.0" encoding="UTF-8"?>
<!-- Generated by org.testng.reporters.JUnitXMLReporter -->
<testsuite hostname="LAPTOP-JEI8AS0O" ignored="0" name="Test" tests="8" failures="1" timestamp="2021-02-06T15:31:12 EST" time="62.936" errors="0">
  <testcase name="@BeforeClass beforeClass" time="18.367" classname="testcases.DashboardTestcases">
    <failure type="java.lang.AssertionError" message="expected [true] but found [false]">
      <![CDATA[java.lang.AssertionError: expected [true] but found [false]
at testcases.DashboardTestcases.beforeClass(DashboardTestcases.java:81)
at java.util.ArrayList.forEach(ArrayList.java:1257)
... Removed 33 stack frames]]>
    </failure>
  </testcase> <!-- @BeforeClass beforeClass -->
  <testcase name="@BeforeClass beforeClass" time="18.63" classname="testcases.MyInfoTestcases">
    <failure type="java.lang.AssertionError" message="expected [true] but found [false]">
      <![CDATA[java.lang.AssertionError: expected [true] but found [false]
at testcases.MyInfoTestcases.beforeClass(MyInfoTestcases.java:67)
at java.util.ArrayList.forEach(ArrayList.java:1257)
... Removed 33 stack frames]]>
    </failure>
  </testcase> <!-- @BeforeClass beforeClass -->
  <testcase name="verifyLoginPageOpened" time="0.372" classname="testcases.LoginFeatureTest"/>
  <testcase name="verifyLoginSuccess" time="16.503" classname="testcases.LoginFeatureTest">
    <failure type="java.lang.AssertionError">
      <![CDATA[java.lang.AssertionError
at org.junit.Assert.fail(Assert.java:86)
at org.junit.Assert.assertTrue(Assert.java:41)
at org.junit.Assert.assertTrue(Assert.java:52)
at testcases.LoginFeatureTest.verifyLoginSuccess(LoginFeatureTest.java:43)
at java.util.ArrayList.forEach(ArrayList.java:1257)
... Removed 31 stack frames]]>
    </failure>
  </testcase> <!-- verifyLoginSuccess -->
  <testcase name="VerifyLegendsList" time="0.0" classname="testcases.DashboardTestcases">
    <skipped/>
  </testcase> <!-- VerifyLegendsList -->
  <testcase name="VerifyQuickLaunchOptionsText" time="0.0" classname="testcases.DashboardTestcases">
    <skipped/>
  </testcase> <!-- VerifyQuickLaunchOptionsText -->
  <testcase name="VerifyQuickLaunchOptionsCount" time="0.0" classname="testcases.DashboardTestcases">
    <skipped/>
  </testcase> <!-- VerifyQuickLaunchOptionsCount -->
  <testcase name="verifyUsersMenuOptions" time="0.0" classname="testcases.MyInfoTestcases">
    <skipped/>
  </testcase> <!-- verifyUsersMenuOptions -->
  <testcase name="testTimeout" time="0.0" classname="testcases.MyInfoTestcases">
    <skipped/>
  </testcase> <!-- testTimeout -->
  <testcase name="verifyUserName" time="0.0" classname="testcases.MyInfoTestcases">
    <skipped/>
  </testcase> <!-- verifyUserName -->
</testsuite> <!-- Test -->
